<?xml version="1.0" encoding="UTF-8" standalone="yes"?><!DOCTYPE report PUBLIC "-//JACOCO//DTD Report 1.1//EN" "report.dtd"><report name="myprj"><sessioninfo id="LAPTOP-4TH1DQVM-71174d5a" start="1638106672443" dump="1638106673300"/><sessioninfo id="LAPTOP-4TH1DQVM-687e0dd" start="1638107061389" dump="1638107062277"/><sessioninfo id="LAPTOP-4TH1DQVM-a4011f59" start="1638107355962" dump="1638107356877"/><sessioninfo id="LAPTOP-4TH1DQVM-9f32c5f0" start="1638107384374" dump="1638107385325"/><sessioninfo id="LAPTOP-4TH1DQVM-546e4242" start="1638107456482" dump="1638107457430"/><sessioninfo id="LAPTOP-4TH1DQVM-44cf3f06" start="1638107482212" dump="1638107483168"/><sessioninfo id="LAPTOP-4TH1DQVM-f779095e" start="1638107504177" dump="1638107505102"/><sessioninfo id="LAPTOP-4TH1DQVM-22a026f7" start="1638107548933" dump="1638107549865"/><sessioninfo id="LAPTOP-4TH1DQVM-1b9d8e2e" start="1638107646909" dump="1638107647819"/><package name="com/game/asciiPanel"><class name="com/game/asciiPanel/TileTransformer" sourcefilename="TileTransformer.java"/><class name="com/game/asciiPanel/AsciiCharacterData" sourcefilename="AsciiCharacterData.java"><method name="&lt;init&gt;" desc="()V" line="5"><counter type="INSTRUCTION" missed="3" covered="0"/><counter type="LINE" missed="1" covered="0"/><counter type="COMPLEXITY" missed="1" covered="0"/><counter type="METHOD" missed="1" covered="0"/></method><counter type="INSTRUCTION" missed="3" covered="0"/><counter type="LINE" missed="1" covered="0"/><counter type="COMPLEXITY" missed="1" covered="0"/><counter type="METHOD" missed="1" covered="0"/><counter type="CLASS" missed="1" covered="0"/></class><class name="com/game/asciiPanel/AsciiPanel" sourcefilename="AsciiPanel.java"><method name="getCharHeight" desc="()I" line="130"><counter type="INSTRUCTION" missed="3" covered="0"/><counter type="LINE" missed="1" covered="0"/><counter type="COMPLEXITY" missed="1" covered="0"/><counter type="METHOD" missed="1" covered="0"/></method><method name="getCharWidth" desc="()I" line="139"><counter type="INSTRUCTION" missed="3" covered="0"/><counter type="LINE" missed="1" covered="0"/><counter type="COMPLEXITY" missed="1" covered="0"/><counter type="METHOD" missed="1" covered="0"/></method><method name="getHeightInCharacters" desc="()I" line="148"><counter type="INSTRUCTION" missed="3" covered="0"/><counter type="LINE" missed="1" covered="0"/><counter type="COMPLEXITY" missed="1" covered="0"/><counter type="METHOD" missed="1" covered="0"/></method><method name="getWidthInCharacters" desc="()I" line="157"><counter type="INSTRUCTION" missed="3" covered="0"/><counter type="LINE" missed="1" covered="0"/><counter type="COMPLEXITY" missed="1" covered="0"/><counter type="METHOD" missed="1" covered="0"/></method><method name="getCursorX" desc="()I" line="166"><counter type="INSTRUCTION" missed="3" covered="0"/><counter type="LINE" missed="1" covered="0"/><counter type="COMPLEXITY" missed="1" covered="0"/><counter type="METHOD" missed="1" covered="0"/></method><method name="setCursorX" desc="(I)V" line="176"><counter type="INSTRUCTION" missed="29" covered="0"/><counter type="BRANCH" missed="4" covered="0"/><counter type="LINE" missed="4" covered="0"/><counter type="COMPLEXITY" missed="3" covered="0"/><counter type="METHOD" missed="1" covered="0"/></method><method name="getCursorY" desc="()I" line="189"><counter type="INSTRUCTION" missed="3" covered="0"/><counter type="LINE" missed="1" covered="0"/><counter type="COMPLEXITY" missed="1" covered="0"/><counter type="METHOD" missed="1" covered="0"/></method><method name="setCursorY" desc="(I)V" line="199"><counter type="INSTRUCTION" missed="29" covered="0"/><counter type="BRANCH" missed="4" covered="0"/><counter type="LINE" missed="4" covered="0"/><counter type="COMPLEXITY" missed="3" covered="0"/><counter type="METHOD" missed="1" covered="0"/></method><method name="setCursorPosition" desc="(II)V" line="216"><counter type="INSTRUCTION" missed="7" covered="0"/><counter type="LINE" missed="3" covered="0"/><counter type="COMPLEXITY" missed="1" covered="0"/><counter type="METHOD" missed="1" covered="0"/></method><method name="getDefaultBackgroundColor" desc="()Ljava/awt/Color;" line="226"><counter type="INSTRUCTION" missed="3" covered="0"/><counter type="LINE" missed="1" covered="0"/><counter type="COMPLEXITY" missed="1" covered="0"/><counter type="METHOD" missed="1" covered="0"/></method><method name="setDefaultBackgroundColor" desc="(Ljava/awt/Color;)V" line="235"><counter type="INSTRUCTION" missed="11" covered="0"/><counter type="BRANCH" missed="2" covered="0"/><counter type="LINE" missed="4" covered="0"/><counter type="COMPLEXITY" missed="2" covered="0"/><counter type="METHOD" missed="1" covered="0"/></method><method name="getDefaultForegroundColor" desc="()Ljava/awt/Color;" line="247"><counter type="INSTRUCTION" missed="3" covered="0"/><counter type="LINE" missed="1" covered="0"/><counter type="COMPLEXITY" missed="1" covered="0"/><counter type="METHOD" missed="1" covered="0"/></method><method name="setDefaultForegroundColor" desc="(Ljava/awt/Color;)V" line="256"><counter type="INSTRUCTION" missed="11" covered="0"/><counter type="BRANCH" missed="2" covered="0"/><counter type="LINE" missed="4" covered="0"/><counter type="COMPLEXITY" missed="2" covered="0"/><counter type="METHOD" missed="1" covered="0"/></method><method name="getAsciiFont" desc="()Lcom/game/asciiPanel/AsciiFont;" line="268"><counter type="INSTRUCTION" missed="3" covered="0"/><counter type="LINE" missed="1" covered="0"/><counter type="COMPLEXITY" missed="1" covered="0"/><counter type="METHOD" missed="1" covered="0"/></method><method name="setAsciiFont" desc="(Lcom/game/asciiPanel/AsciiFont;)V" line="279"><counter type="INSTRUCTION" missed="66" covered="0"/><counter type="BRANCH" missed="2" covered="0"/><counter type="LINE" missed="14" covered="0"/><counter type="COMPLEXITY" missed="2" covered="0"/><counter type="METHOD" missed="1" covered="0"/></method><method name="&lt;init&gt;" desc="()V" line="305"><counter type="INSTRUCTION" missed="5" covered="0"/><counter type="LINE" missed="2" covered="0"/><counter type="COMPLEXITY" missed="1" covered="0"/><counter type="METHOD" missed="1" covered="0"/></method><method name="&lt;init&gt;" desc="(II)V" line="315"><counter type="INSTRUCTION" missed="6" covered="0"/><counter type="LINE" missed="2" covered="0"/><counter type="COMPLEXITY" missed="1" covered="0"/><counter type="METHOD" missed="1" covered="0"/></method><method name="&lt;init&gt;" desc="(IILcom/game/asciiPanel/AsciiFont;)V" line="107"><counter type="INSTRUCTION" missed="100" covered="0"/><counter type="BRANCH" missed="6" covered="0"/><counter type="LINE" missed="21" covered="0"/><counter type="COMPLEXITY" missed="4" covered="0"/><counter type="METHOD" missed="1" covered="0"/></method><method name="update" desc="(Ljava/awt/Graphics;)V" line="358"><counter type="INSTRUCTION" missed="4" covered="0"/><counter type="LINE" missed="2" covered="0"/><counter type="COMPLEXITY" missed="1" covered="0"/><counter type="METHOD" missed="1" covered="0"/></method><method name="paint" desc="(Ljava/awt/Graphics;)V" line="363"><counter type="INSTRUCTION" missed="153" covered="0"/><counter type="BRANCH" missed="12" covered="0"/><counter type="LINE" missed="16" covered="0"/><counter type="COMPLEXITY" missed="7" covered="0"/><counter type="METHOD" missed="1" covered="0"/></method><method name="loadGlyphs" desc="()V" line="390"><counter type="INSTRUCTION" missed="81" covered="0"/><counter type="BRANCH" missed="2" covered="0"/><counter type="LINE" missed="10" covered="0"/><counter type="COMPLEXITY" missed="2" covered="0"/><counter type="METHOD" missed="1" covered="0"/></method><method name="setColors" desc="(Ljava/awt/Color;Ljava/awt/Color;)Ljava/awt/image/LookupOp;" line="414"><counter type="INSTRUCTION" missed="123" covered="0"/><counter type="BRANCH" missed="4" covered="0"/><counter type="LINE" missed="24" covered="0"/><counter type="COMPLEXITY" missed="3" covered="0"/><counter type="METHOD" missed="1" covered="0"/></method><method name="clear" desc="()Lcom/game/asciiPanel/AsciiPanel;" line="453"><counter type="INSTRUCTION" missed="14" covered="0"/><counter type="LINE" missed="1" covered="0"/><counter type="COMPLEXITY" missed="1" covered="0"/><counter type="METHOD" missed="1" covered="0"/></method><method name="clear" desc="(C)Lcom/game/asciiPanel/AsciiPanel;" line="464"><counter type="INSTRUCTION" missed="41" covered="0"/><counter type="BRANCH" missed="4" covered="0"/><counter type="LINE" missed="3" covered="0"/><counter type="COMPLEXITY" missed="3" covered="0"/><counter type="METHOD" missed="1" covered="0"/></method><method name="clear" desc="(CLjava/awt/Color;Ljava/awt/Color;)Lcom/game/asciiPanel/AsciiPanel;" line="482"><counter type="INSTRUCTION" missed="39" covered="0"/><counter type="BRANCH" missed="4" covered="0"/><counter type="LINE" missed="3" covered="0"/><counter type="COMPLEXITY" missed="3" covered="0"/><counter type="METHOD" missed="1" covered="0"/></method><method name="clear" desc="(CIIII)Lcom/game/asciiPanel/AsciiPanel;" line="502"><counter type="INSTRUCTION" missed="181" covered="0"/><counter type="BRANCH" missed="20" covered="0"/><counter type="LINE" missed="15" covered="0"/><counter type="COMPLEXITY" missed="11" covered="0"/><counter type="METHOD" missed="1" covered="0"/></method><method name="clear" desc="(CIIIILjava/awt/Color;Ljava/awt/Color;)Lcom/game/asciiPanel/AsciiPanel;" line="543"><counter type="INSTRUCTION" missed="209" covered="0"/><counter type="BRANCH" missed="24" covered="0"/><counter type="LINE" missed="22" covered="0"/><counter type="COMPLEXITY" missed="13" covered="0"/><counter type="METHOD" missed="1" covered="0"/></method><method name="write" desc="(C)Lcom/game/asciiPanel/AsciiPanel;" line="588"><counter type="INSTRUCTION" missed="39" covered="0"/><counter type="BRANCH" missed="4" covered="0"/><counter type="LINE" missed="3" covered="0"/><counter type="COMPLEXITY" missed="3" covered="0"/><counter type="METHOD" missed="1" covered="0"/></method><method name="write" desc="(CLjava/awt/Color;)Lcom/game/asciiPanel/AsciiPanel;" line="605"><counter type="INSTRUCTION" missed="38" covered="0"/><counter type="BRANCH" missed="4" covered="0"/><counter type="LINE" missed="3" covered="0"/><counter type="COMPLEXITY" missed="3" covered="0"/><counter type="METHOD" missed="1" covered="0"/></method><method name="write" desc="(CLjava/awt/Color;Ljava/awt/Color;)Lcom/game/asciiPanel/AsciiPanel;" line="623"><counter type="INSTRUCTION" missed="37" covered="0"/><counter type="BRANCH" missed="4" covered="0"/><counter type="LINE" missed="3" covered="0"/><counter type="COMPLEXITY" missed="3" covered="0"/><counter type="METHOD" missed="1" covered="0"/></method><method name="write" desc="(CII)Lcom/game/asciiPanel/AsciiPanel;" line="640"><counter type="INSTRUCTION" missed="87" covered="0"/><counter type="BRANCH" missed="12" covered="0"/><counter type="LINE" missed="7" covered="0"/><counter type="COMPLEXITY" missed="7" covered="0"/><counter type="METHOD" missed="1" covered="0"/></method><method name="write" desc="(CIILjava/awt/Color;)Lcom/game/asciiPanel/AsciiPanel;" line="665"><counter type="INSTRUCTION" missed="86" covered="0"/><counter type="BRANCH" missed="12" covered="0"/><counter type="LINE" missed="7" covered="0"/><counter type="COMPLEXITY" missed="7" covered="0"/><counter type="METHOD" missed="1" covered="0"/></method><method name="write" desc="(CIILjava/awt/Color;Ljava/awt/Color;)Lcom/game/asciiPanel/AsciiPanel;" line="691"><counter type="INSTRUCTION" missed="118" covered="0"/><counter type="BRANCH" missed="16" covered="0"/><counter type="LINE" missed="16" covered="0"/><counter type="COMPLEXITY" missed="9" covered="0"/><counter type="METHOD" missed="1" covered="0"/></method><method name="write" desc="(Ljava/lang/String;)Lcom/game/asciiPanel/AsciiPanel;" line="721"><counter type="INSTRUCTION" missed="50" covered="0"/><counter type="BRANCH" missed="4" covered="0"/><counter type="LINE" missed="5" covered="0"/><counter type="COMPLEXITY" missed="3" covered="0"/><counter type="METHOD" missed="1" covered="0"/></method><method name="write" desc="(Ljava/lang/String;Ljava/awt/Color;)Lcom/game/asciiPanel/AsciiPanel;" line="740"><counter type="INSTRUCTION" missed="49" covered="0"/><counter type="BRANCH" missed="4" covered="0"/><counter type="LINE" missed="5" covered="0"/><counter type="COMPLEXITY" missed="3" covered="0"/><counter type="METHOD" missed="1" covered="0"/></method><method name="write" desc="(Ljava/lang/String;Ljava/awt/Color;Ljava/awt/Color;)Lcom/game/asciiPanel/AsciiPanel;" line="761"><counter type="INSTRUCTION" missed="48" covered="0"/><counter type="BRANCH" missed="4" covered="0"/><counter type="LINE" missed="5" covered="0"/><counter type="COMPLEXITY" missed="3" covered="0"/><counter type="METHOD" missed="1" covered="0"/></method><method name="write" desc="(Ljava/lang/String;II)Lcom/game/asciiPanel/AsciiPanel;" line="780"><counter type="INSTRUCTION" missed="96" covered="0"/><counter type="BRANCH" missed="12" covered="0"/><counter type="LINE" missed="10" covered="0"/><counter type="COMPLEXITY" missed="7" covered="0"/><counter type="METHOD" missed="1" covered="0"/></method><method name="write" desc="(Ljava/lang/String;IILjava/awt/Color;)Lcom/game/asciiPanel/AsciiPanel;" line="807"><counter type="INSTRUCTION" missed="95" covered="0"/><counter type="BRANCH" missed="12" covered="0"/><counter type="LINE" missed="10" covered="0"/><counter type="COMPLEXITY" missed="7" covered="0"/><counter type="METHOD" missed="1" covered="0"/></method><method name="write" desc="(Ljava/lang/String;IILjava/awt/Color;Ljava/awt/Color;)Lcom/game/asciiPanel/AsciiPanel;" line="836"><counter type="INSTRUCTION" missed="118" covered="0"/><counter type="BRANCH" missed="18" covered="0"/><counter type="LINE" missed="16" covered="0"/><counter type="COMPLEXITY" missed="10" covered="0"/><counter type="METHOD" missed="1" covered="0"/></method><method name="writeCenter" desc="(Ljava/lang/String;I)Lcom/game/asciiPanel/AsciiPanel;" line="870"><counter type="INSTRUCTION" missed="75" covered="0"/><counter type="BRANCH" missed="8" covered="0"/><counter type="LINE" missed="9" covered="0"/><counter type="COMPLEXITY" missed="5" covered="0"/><counter type="METHOD" missed="1" covered="0"/></method><method name="writeCenter" desc="(Ljava/lang/String;ILjava/awt/Color;)Lcom/game/asciiPanel/AsciiPanel;" line="896"><counter type="INSTRUCTION" missed="74" covered="0"/><counter type="BRANCH" missed="8" covered="0"/><counter type="LINE" missed="9" covered="0"/><counter type="COMPLEXITY" missed="5" covered="0"/><counter type="METHOD" missed="1" covered="0"/></method><method name="writeCenter" desc="(Ljava/lang/String;ILjava/awt/Color;Ljava/awt/Color;)Lcom/game/asciiPanel/AsciiPanel;" line="923"><counter type="INSTRUCTION" missed="97" covered="0"/><counter type="BRANCH" missed="14" covered="0"/><counter type="LINE" missed="15" covered="0"/><counter type="COMPLEXITY" missed="8" covered="0"/><counter type="METHOD" missed="1" covered="0"/></method><method name="withEachTile" desc="(Lcom/game/asciiPanel/TileTransformer;)V" line="948"><counter type="INSTRUCTION" missed="10" covered="0"/><counter type="LINE" missed="2" covered="0"/><counter type="COMPLEXITY" missed="1" covered="0"/><counter type="METHOD" missed="1" covered="0"/></method><method name="withEachTile" desc="(IIIILcom/game/asciiPanel/TileTransformer;)V" line="952"><counter type="INSTRUCTION" missed="93" covered="0"/><counter type="BRANCH" missed="12" covered="0"/><counter type="LINE" missed="15" covered="0"/><counter type="COMPLEXITY" missed="7" covered="0"/><counter type="METHOD" missed="1" covered="0"/></method><method name="&lt;clinit&gt;" desc="()V" line="26"><counter type="INSTRUCTION" missed="113" covered="0"/><counter type="LINE" missed="16" covered="0"/><counter type="COMPLEXITY" missed="1" covered="0"/><counter type="METHOD" missed="1" covered="0"/></method><counter type="INSTRUCTION" missed="2459" covered="0"/><counter type="BRANCH" missed="238" covered="0"/><counter type="LINE" missed="319" covered="0"/><counter type="COMPLEXITY" missed="164" covered="0"/><counter type="METHOD" missed="45" covered="0"/><counter type="CLASS" missed="1" covered="0"/></class><class name="com/game/asciiPanel/AsciiFont" sourcefilename="AsciiFont.java"><method name="getFontFilename" desc="()Ljava/lang/String;" line="25"><counter type="INSTRUCTION" missed="3" covered="0"/><counter type="LINE" missed="1" covered="0"/><counter type="COMPLEXITY" missed="1" covered="0"/><counter type="METHOD" missed="1" covered="0"/></method><method name="getWidth" desc="()I" line="31"><counter type="INSTRUCTION" missed="3" covered="0"/><counter type="LINE" missed="1" covered="0"/><counter type="COMPLEXITY" missed="1" covered="0"/><counter type="METHOD" missed="1" covered="0"/></method><method name="getHeight" desc="()I" line="37"><counter type="INSTRUCTION" missed="3" covered="0"/><counter type="LINE" missed="1" covered="0"/><counter type="COMPLEXITY" missed="1" covered="0"/><counter type="METHOD" missed="1" covered="0"/></method><method name="&lt;init&gt;" desc="(Ljava/lang/String;II)V" line="40"><counter type="INSTRUCTION" missed="12" covered="0"/><counter type="LINE" missed="5" covered="0"/><counter type="COMPLEXITY" missed="1" covered="0"/><counter type="METHOD" missed="1" covered="0"/></method><method name="&lt;clinit&gt;" desc="()V" line="12"><counter type="INSTRUCTION" missed="64" covered="0"/><counter type="LINE" missed="9" covered="0"/><counter type="COMPLEXITY" missed="1" covered="0"/><counter type="METHOD" missed="1" covered="0"/></method><counter type="INSTRUCTION" missed="85" covered="0"/><counter type="LINE" missed="17" covered="0"/><counter type="COMPLEXITY" missed="5" covered="0"/><counter type="METHOD" missed="5" covered="0"/><counter type="CLASS" missed="1" covered="0"/></class><sourcefile name="TileTransformer.java"/><sourcefile name="AsciiPanel.java"><line nr="26" mi="7" ci="0" mb="0" cb="0"/><line nr="31" mi="7" ci="0" mb="0" cb="0"/><line nr="36" mi="7" ci="0" mb="0" cb="0"/><line nr="41" mi="7" ci="0" mb="0" cb="0"/><line nr="46" mi="7" ci="0" mb="0" cb="0"/><line nr="51" mi="7" ci="0" mb="0" cb="0"/><line nr="56" mi="7" ci="0" mb="0" cb="0"/><line nr="61" mi="7" ci="0" mb="0" cb="0"/><line nr="66" mi="7" ci="0" mb="0" cb="0"/><line nr="71" mi="7" ci="0" mb="0" cb="0"/><line nr="76" mi="7" ci="0" mb="0" cb="0"/><line nr="81" mi="7" ci="0" mb="0" cb="0"/><line nr="86" mi="7" ci="0" mb="0" cb="0"/><line nr="91" mi="7" ci="0" mb="0" cb="0"/><line nr="96" mi="7" ci="0" mb="0" cb="0"/><line nr="101" mi="8" ci="0" mb="0" cb="0"/><line nr="107" mi="3" ci="0" mb="0" cb="0"/><line nr="108" mi="3" ci="0" mb="0" cb="0"/><line nr="109" mi="3" ci="0" mb="0" cb="0"/><line nr="130" mi="3" ci="0" mb="0" cb="0"/><line nr="139" mi="3" ci="0" mb="0" cb="0"/><line nr="148" mi="3" ci="0" mb="0" cb="0"/><line nr="157" mi="3" ci="0" mb="0" cb="0"/><line nr="166" mi="3" ci="0" mb="0" cb="0"/><line nr="176" mi="6" ci="0" mb="4" cb="0"/><line nr="177" mi="19" ci="0" mb="0" cb="0"/><line nr="180" mi="3" ci="0" mb="0" cb="0"/><line nr="181" mi="1" ci="0" mb="0" cb="0"/><line nr="189" mi="3" ci="0" mb="0" cb="0"/><line nr="199" mi="6" ci="0" mb="4" cb="0"/><line nr="200" mi="19" ci="0" mb="0" cb="0"/><line nr="203" mi="3" ci="0" mb="0" cb="0"/><line nr="204" mi="1" ci="0" mb="0" cb="0"/><line nr="216" mi="3" ci="0" mb="0" cb="0"/><line nr="217" mi="3" ci="0" mb="0" cb="0"/><line nr="218" mi="1" ci="0" mb="0" cb="0"/><line nr="226" mi="3" ci="0" mb="0" cb="0"/><line nr="235" mi="2" ci="0" mb="2" cb="0"/><line nr="236" mi="5" ci="0" mb="0" cb="0"/><line nr="238" mi="3" ci="0" mb="0" cb="0"/><line nr="239" mi="1" ci="0" mb="0" cb="0"/><line nr="247" mi="3" ci="0" mb="0" cb="0"/><line nr="256" mi="2" ci="0" mb="2" cb="0"/><line nr="257" mi="5" ci="0" mb="0" cb="0"/><line nr="259" mi="3" ci="0" mb="0" cb="0"/><line nr="260" mi="1" ci="0" mb="0" cb="0"/><line nr="268" mi="3" ci="0" mb="0" cb="0"/><line nr="279" mi="4" ci="0" mb="2" cb="0"/><line nr="280" mi="1" ci="0" mb="0" cb="0"/><line nr="282" mi="3" ci="0" mb="0" cb="0"/><line nr="284" mi="4" ci="0" mb="0" cb="0"/><line nr="285" mi="4" ci="0" mb="0" cb="0"/><line nr="286" mi="4" ci="0" mb="0" cb="0"/><line nr="288" mi="14" ci="0" mb="0" cb="0"/><line nr="289" mi="3" ci="0" mb="0" cb="0"/><line nr="291" mi="4" ci="0" mb="0" cb="0"/><line nr="293" mi="10" ci="0" mb="0" cb="0"/><line nr="294" mi="5" ci="0" mb="0" cb="0"/><line nr="296" mi="2" ci="0" mb="0" cb="0"/><line nr="298" mi="7" ci="0" mb="0" cb="0"/><line nr="299" mi="1" ci="0" mb="0" cb="0"/><line nr="305" mi="4" ci="0" mb="0" cb="0"/><line nr="306" mi="1" ci="0" mb="0" cb="0"/><line nr="315" mi="5" ci="0" mb="0" cb="0"/><line nr="316" mi="1" ci="0" mb="0" cb="0"/><line nr="327" mi="2" ci="0" mb="0" cb="0"/><line nr="329" mi="3" ci="0" mb="2" cb="0"/><line nr="330" mi="14" ci="0" mb="0" cb="0"/><line nr="333" mi="3" ci="0" mb="2" cb="0"/><line nr="334" mi="14" ci="0" mb="0" cb="0"/><line nr="337" mi="3" ci="0" mb="0" cb="0"/><line nr="338" mi="3" ci="0" mb="0" cb="0"/><line nr="340" mi="3" ci="0" mb="0" cb="0"/><line nr="341" mi="3" ci="0" mb="0" cb="0"/><line nr="343" mi="7" ci="0" mb="0" cb="0"/><line nr="344" mi="7" ci="0" mb="0" cb="0"/><line nr="345" mi="7" ci="0" mb="0" cb="0"/><line nr="347" mi="7" ci="0" mb="0" cb="0"/><line nr="348" mi="7" ci="0" mb="0" cb="0"/><line nr="350" mi="2" ci="0" mb="2" cb="0"/><line nr="351" mi="2" ci="0" mb="0" cb="0"/><line nr="353" mi="3" ci="0" mb="0" cb="0"/><line nr="354" mi="1" ci="0" mb="0" cb="0"/><line nr="358" mi="3" ci="0" mb="0" cb="0"/><line nr="359" mi="1" ci="0" mb="0" cb="0"/><line nr="363" mi="2" ci="0" mb="2" cb="0"/><line nr="364" mi="4" ci="0" mb="0" cb="0"/><line nr="366" mi="8" ci="0" mb="2" cb="0"/><line nr="367" mi="8" ci="0" mb="2" cb="0"/><line nr="368" mi="39" ci="0" mb="6" cb="0"/><line nr="370" mi="1" ci="0" mb="0" cb="0"/><line nr="372" mi="7" ci="0" mb="0" cb="0"/><line nr="373" mi="7" ci="0" mb="0" cb="0"/><line nr="375" mi="5" ci="0" mb="0" cb="0"/><line nr="376" mi="13" ci="0" mb="0" cb="0"/><line nr="377" mi="14" ci="0" mb="0" cb="0"/><line nr="379" mi="12" ci="0" mb="0" cb="0"/><line nr="380" mi="12" ci="0" mb="0" cb="0"/><line nr="381" mi="12" ci="0" mb="0" cb="0"/><line nr="385" mi="8" ci="0" mb="0" cb="0"/><line nr="386" mi="1" ci="0" mb="0" cb="0"/><line nr="390" mi="8" ci="0" mb="0" cb="0"/><line nr="391" mi="1" ci="0" mb="0" cb="0"/><line nr="392" mi="11" ci="0" mb="0" cb="0"/><line nr="393" mi="1" ci="0" mb="0" cb="0"/><line nr="395" mi="7" ci="0" mb="2" cb="0"/><line nr="396" mi="7" ci="0" mb="0" cb="0"/><line nr="397" mi="7" ci="0" mb="0" cb="0"/><line nr="399" mi="12" ci="0" mb="0" cb="0"/><line nr="400" mi="26" ci="0" mb="0" cb="0"/><line nr="403" mi="1" ci="0" mb="0" cb="0"/><line nr="414" mi="3" ci="0" mb="0" cb="0"/><line nr="415" mi="3" ci="0" mb="0" cb="0"/><line nr="416" mi="3" ci="0" mb="0" cb="0"/><line nr="417" mi="3" ci="0" mb="0" cb="0"/><line nr="419" mi="4" ci="0" mb="0" cb="0"/><line nr="420" mi="4" ci="0" mb="0" cb="0"/><line nr="421" mi="4" ci="0" mb="0" cb="0"/><line nr="422" mi="4" ci="0" mb="0" cb="0"/><line nr="424" mi="4" ci="0" mb="0" cb="0"/><line nr="425" mi="4" ci="0" mb="0" cb="0"/><line nr="426" mi="4" ci="0" mb="0" cb="0"/><line nr="427" mi="4" ci="0" mb="0" cb="0"/><line nr="429" mi="7" ci="0" mb="2" cb="0"/><line nr="430" mi="2" ci="0" mb="2" cb="0"/><line nr="431" mi="5" ci="0" mb="0" cb="0"/><line nr="432" mi="5" ci="0" mb="0" cb="0"/><line nr="433" mi="5" ci="0" mb="0" cb="0"/><line nr="434" mi="6" ci="0" mb="0" cb="0"/><line nr="436" mi="5" ci="0" mb="0" cb="0"/><line nr="437" mi="5" ci="0" mb="0" cb="0"/><line nr="438" mi="5" ci="0" mb="0" cb="0"/><line nr="439" mi="5" ci="0" mb="0" cb="0"/><line nr="443" mi="19" ci="0" mb="0" cb="0"/><line nr="444" mi="10" ci="0" mb="0" cb="0"/><line nr="453" mi="14" ci="0" mb="0" cb="0"/><line nr="464" mi="7" ci="0" mb="4" cb="0"/><line nr="465" mi="20" ci="0" mb="0" cb="0"/><line nr="468" mi="14" ci="0" mb="0" cb="0"/><line nr="482" mi="7" ci="0" mb="4" cb="0"/><line nr="483" mi="20" ci="0" mb="0" cb="0"/><line nr="486" mi="12" ci="0" mb="0" cb="0"/><line nr="502" mi="7" ci="0" mb="4" cb="0"/><line nr="503" mi="20" ci="0" mb="0" cb="0"/><line nr="506" mi="6" ci="0" mb="4" cb="0"/><line nr="507" mi="19" ci="0" mb="0" cb="0"/><line nr="509" mi="6" ci="0" mb="4" cb="0"/><line nr="510" mi="19" ci="0" mb="0" cb="0"/><line nr="512" mi="3" ci="0" mb="2" cb="0"/><line nr="513" mi="14" ci="0" mb="0" cb="0"/><line nr="515" mi="3" ci="0" mb="2" cb="0"/><line nr="516" mi="14" ci="0" mb="0" cb="0"/><line nr="518" mi="6" ci="0" mb="2" cb="0"/><line nr="519" mi="23" ci="0" mb="0" cb="0"/><line nr="522" mi="6" ci="0" mb="2" cb="0"/><line nr="523" mi="23" ci="0" mb="0" cb="0"/><line nr="526" mi="12" ci="0" mb="0" cb="0"/><line nr="543" mi="7" ci="0" mb="4" cb="0"/><line nr="544" mi="20" ci="0" mb="0" cb="0"/><line nr="547" mi="6" ci="0" mb="4" cb="0"/><line nr="548" mi="19" ci="0" mb="0" cb="0"/><line nr="550" mi="6" ci="0" mb="4" cb="0"/><line nr="551" mi="19" ci="0" mb="0" cb="0"/><line nr="553" mi="3" ci="0" mb="2" cb="0"/><line nr="554" mi="14" ci="0" mb="0" cb="0"/><line nr="556" mi="3" ci="0" mb="2" cb="0"/><line nr="557" mi="14" ci="0" mb="0" cb="0"/><line nr="559" mi="6" ci="0" mb="2" cb="0"/><line nr="560" mi="23" ci="0" mb="0" cb="0"/><line nr="563" mi="6" ci="0" mb="2" cb="0"/><line nr="564" mi="23" ci="0" mb="0" cb="0"/><line nr="567" mi="3" ci="0" mb="0" cb="0"/><line nr="568" mi="3" ci="0" mb="0" cb="0"/><line nr="569" mi="9" ci="0" mb="2" cb="0"/><line nr="570" mi="9" ci="0" mb="2" cb="0"/><line nr="571" mi="8" ci="0" mb="0" cb="0"/><line nr="574" mi="3" ci="0" mb="0" cb="0"/><line nr="575" mi="3" ci="0" mb="0" cb="0"/><line nr="577" mi="2" ci="0" mb="0" cb="0"/><line nr="588" mi="7" ci="0" mb="4" cb="0"/><line nr="589" mi="20" ci="0" mb="0" cb="0"/><line nr="592" mi="12" ci="0" mb="0" cb="0"/><line nr="605" mi="7" ci="0" mb="4" cb="0"/><line nr="606" mi="20" ci="0" mb="0" cb="0"/><line nr="609" mi="11" ci="0" mb="0" cb="0"/><line nr="623" mi="7" ci="0" mb="4" cb="0"/><line nr="624" mi="20" ci="0" mb="0" cb="0"/><line nr="627" mi="10" ci="0" mb="0" cb="0"/><line nr="640" mi="7" ci="0" mb="4" cb="0"/><line nr="641" mi="20" ci="0" mb="0" cb="0"/><line nr="644" mi="6" ci="0" mb="4" cb="0"/><line nr="645" mi="19" ci="0" mb="0" cb="0"/><line nr="647" mi="6" ci="0" mb="4" cb="0"/><line nr="648" mi="19" ci="0" mb="0" cb="0"/><line nr="650" mi="10" ci="0" mb="0" cb="0"/><line nr="665" mi="7" ci="0" mb="4" cb="0"/><line nr="666" mi="20" ci="0" mb="0" cb="0"/><line nr="669" mi="6" ci="0" mb="4" cb="0"/><line nr="670" mi="19" ci="0" mb="0" cb="0"/><line nr="672" mi="6" ci="0" mb="4" cb="0"/><line nr="673" mi="19" ci="0" mb="0" cb="0"/><line nr="675" mi="9" ci="0" mb="0" cb="0"/><line nr="691" mi="7" ci="0" mb="4" cb="0"/><line nr="692" mi="20" ci="0" mb="0" cb="0"/><line nr="695" mi="6" ci="0" mb="4" cb="0"/><line nr="696" mi="19" ci="0" mb="0" cb="0"/><line nr="698" mi="6" ci="0" mb="4" cb="0"/><line nr="699" mi="19" ci="0" mb="0" cb="0"/><line nr="701" mi="2" ci="0" mb="2" cb="0"/><line nr="702" mi="3" ci="0" mb="0" cb="0"/><line nr="703" mi="2" ci="0" mb="2" cb="0"/><line nr="704" mi="3" ci="0" mb="0" cb="0"/><line nr="706" mi="7" ci="0" mb="0" cb="0"/><line nr="707" mi="7" ci="0" mb="0" cb="0"/><line nr="708" mi="7" ci="0" mb="0" cb="0"/><line nr="709" mi="5" ci="0" mb="0" cb="0"/><line nr="710" mi="3" ci="0" mb="0" cb="0"/><line nr="711" mi="2" ci="0" mb="0" cb="0"/><line nr="721" mi="2" ci="0" mb="2" cb="0"/><line nr="722" mi="5" ci="0" mb="0" cb="0"/><line nr="724" mi="8" ci="0" mb="2" cb="0"/><line nr="725" mi="23" ci="0" mb="0" cb="0"/><line nr="728" mi="12" ci="0" mb="0" cb="0"/><line nr="740" mi="2" ci="0" mb="2" cb="0"/><line nr="741" mi="5" ci="0" mb="0" cb="0"/><line nr="743" mi="8" ci="0" mb="2" cb="0"/><line nr="744" mi="23" ci="0" mb="0" cb="0"/><line nr="747" mi="11" ci="0" mb="0" cb="0"/><line nr="761" mi="2" ci="0" mb="2" cb="0"/><line nr="762" mi="5" ci="0" mb="0" cb="0"/><line nr="764" mi="8" ci="0" mb="2" cb="0"/><line nr="765" mi="23" ci="0" mb="0" cb="0"/><line nr="768" mi="10" ci="0" mb="0" cb="0"/><line nr="780" mi="2" ci="0" mb="2" cb="0"/><line nr="781" mi="5" ci="0" mb="0" cb="0"/><line nr="783" mi="7" ci="0" mb="2" cb="0"/><line nr="784" mi="9" ci="0" mb="0" cb="0"/><line nr="785" mi="13" ci="0" mb="0" cb="0"/><line nr="787" mi="6" ci="0" mb="4" cb="0"/><line nr="788" mi="19" ci="0" mb="0" cb="0"/><line nr="790" mi="6" ci="0" mb="4" cb="0"/><line nr="791" mi="19" ci="0" mb="0" cb="0"/><line nr="793" mi="10" ci="0" mb="0" cb="0"/><line nr="807" mi="2" ci="0" mb="2" cb="0"/><line nr="808" mi="5" ci="0" mb="0" cb="0"/><line nr="810" mi="7" ci="0" mb="2" cb="0"/><line nr="811" mi="9" ci="0" mb="0" cb="0"/><line nr="812" mi="13" ci="0" mb="0" cb="0"/><line nr="814" mi="6" ci="0" mb="4" cb="0"/><line nr="815" mi="19" ci="0" mb="0" cb="0"/><line nr="817" mi="6" ci="0" mb="4" cb="0"/><line nr="818" mi="19" ci="0" mb="0" cb="0"/><line nr="820" mi="9" ci="0" mb="0" cb="0"/><line nr="836" mi="2" ci="0" mb="2" cb="0"/><line nr="837" mi="5" ci="0" mb="0" cb="0"/><line nr="839" mi="7" ci="0" mb="2" cb="0"/><line nr="840" mi="9" ci="0" mb="0" cb="0"/><line nr="841" mi="13" ci="0" mb="0" cb="0"/><line nr="843" mi="6" ci="0" mb="4" cb="0"/><line nr="844" mi="19" ci="0" mb="0" cb="0"/><line nr="846" mi="6" ci="0" mb="4" cb="0"/><line nr="847" mi="19" ci="0" mb="0" cb="0"/><line nr="849" mi="2" ci="0" mb="2" cb="0"/><line nr="850" mi="3" ci="0" mb="0" cb="0"/><line nr="852" mi="2" ci="0" mb="2" cb="0"/><line nr="853" mi="3" ci="0" mb="0" cb="0"/><line nr="855" mi="8" ci="0" mb="2" cb="0"/><line nr="856" mi="12" ci="0" mb="0" cb="0"/><line nr="858" mi="2" ci="0" mb="0" cb="0"/><line nr="870" mi="2" ci="0" mb="2" cb="0"/><line nr="871" mi="5" ci="0" mb="0" cb="0"/><line nr="873" mi="5" ci="0" mb="2" cb="0"/><line nr="874" mi="8" ci="0" mb="0" cb="0"/><line nr="875" mi="12" ci="0" mb="0" cb="0"/><line nr="877" mi="8" ci="0" mb="0" cb="0"/><line nr="879" mi="6" ci="0" mb="4" cb="0"/><line nr="880" mi="19" ci="0" mb="0" cb="0"/><line nr="882" mi="10" ci="0" mb="0" cb="0"/><line nr="896" mi="2" ci="0" mb="2" cb="0"/><line nr="897" mi="5" ci="0" mb="0" cb="0"/><line nr="899" mi="5" ci="0" mb="2" cb="0"/><line nr="900" mi="8" ci="0" mb="0" cb="0"/><line nr="901" mi="12" ci="0" mb="0" cb="0"/><line nr="903" mi="8" ci="0" mb="0" cb="0"/><line nr="905" mi="6" ci="0" mb="4" cb="0"/><line nr="906" mi="19" ci="0" mb="0" cb="0"/><line nr="908" mi="9" ci="0" mb="0" cb="0"/><line nr="923" mi="2" ci="0" mb="2" cb="0"/><line nr="924" mi="5" ci="0" mb="0" cb="0"/><line nr="926" mi="5" ci="0" mb="2" cb="0"/><line nr="927" mi="8" ci="0" mb="0" cb="0"/><line nr="928" mi="12" ci="0" mb="0" cb="0"/><line nr="930" mi="8" ci="0" mb="0" cb="0"/><line nr="932" mi="6" ci="0" mb="4" cb="0"/><line nr="933" mi="19" ci="0" mb="0" cb="0"/><line nr="935" mi="2" ci="0" mb="2" cb="0"/><line nr="936" mi="3" ci="0" mb="0" cb="0"/><line nr="938" mi="2" ci="0" mb="2" cb="0"/><line nr="939" mi="3" ci="0" mb="0" cb="0"/><line nr="941" mi="8" ci="0" mb="2" cb="0"/><line nr="942" mi="12" ci="0" mb="0" cb="0"/><line nr="944" mi="2" ci="0" mb="0" cb="0"/><line nr="948" mi="9" ci="0" mb="0" cb="0"/><line nr="949" mi="1" ci="0" mb="0" cb="0"/><line nr="952" mi="4" ci="0" mb="0" cb="0"/><line nr="954" mi="7" ci="0" mb="2" cb="0"/><line nr="955" mi="7" ci="0" mb="2" cb="0"/><line nr="956" mi="4" ci="0" mb="0" cb="0"/><line nr="957" mi="4" ci="0" mb="0" cb="0"/><line nr="959" mi="12" ci="0" mb="8" cb="0"/><line nr="960" mi="1" ci="0" mb="0" cb="0"/><line nr="962" mi="8" ci="0" mb="0" cb="0"/><line nr="963" mi="8" ci="0" mb="0" cb="0"/><line nr="964" mi="8" ci="0" mb="0" cb="0"/><line nr="966" mi="5" ci="0" mb="0" cb="0"/><line nr="968" mi="8" ci="0" mb="0" cb="0"/><line nr="969" mi="8" ci="0" mb="0" cb="0"/><line nr="970" mi="8" ci="0" mb="0" cb="0"/><line nr="972" mi="1" ci="0" mb="0" cb="0"/><counter type="INSTRUCTION" missed="2459" covered="0"/><counter type="BRANCH" missed="238" covered="0"/><counter type="LINE" missed="319" covered="0"/><counter type="COMPLEXITY" missed="164" covered="0"/><counter type="METHOD" missed="45" covered="0"/><counter type="CLASS" missed="1" covered="0"/></sourcefile><sourcefile name="AsciiCharacterData.java"><line nr="5" mi="3" ci="0" mb="0" cb="0"/><counter type="INSTRUCTION" missed="3" covered="0"/><counter type="LINE" missed="1" covered="0"/><counter type="COMPLEXITY" missed="1" covered="0"/><counter type="METHOD" missed="1" covered="0"/><counter type="CLASS" missed="1" covered="0"/></sourcefile><sourcefile name="AsciiFont.java"><line nr="12" mi="7" ci="0" mb="0" cb="0"/><line nr="13" mi="7" ci="0" mb="0" cb="0"/><line nr="14" mi="7" ci="0" mb="0" cb="0"/><line nr="15" mi="7" ci="0" mb="0" cb="0"/><line nr="16" mi="7" ci="0" mb="0" cb="0"/><line nr="17" mi="7" ci="0" mb="0" cb="0"/><line nr="18" mi="7" ci="0" mb="0" cb="0"/><line nr="19" mi="7" ci="0" mb="0" cb="0"/><line nr="20" mi="8" ci="0" mb="0" cb="0"/><line nr="25" mi="3" ci="0" mb="0" cb="0"/><line nr="31" mi="3" ci="0" mb="0" cb="0"/><line nr="37" mi="3" ci="0" mb="0" cb="0"/><line nr="40" mi="2" ci="0" mb="0" cb="0"/><line nr="41" mi="3" ci="0" mb="0" cb="0"/><line nr="42" mi="3" ci="0" mb="0" cb="0"/><line nr="43" mi="3" ci="0" mb="0" cb="0"/><line nr="44" mi="1" ci="0" mb="0" cb="0"/><counter type="INSTRUCTION" missed="85" covered="0"/><counter type="LINE" missed="17" covered="0"/><counter type="COMPLEXITY" missed="5" covered="0"/><counter type="METHOD" missed="5" covered="0"/><counter type="CLASS" missed="1" covered="0"/></sourcefile><counter type="INSTRUCTION" missed="2547" covered="0"/><counter type="BRANCH" missed="238" covered="0"/><counter type="LINE" missed="337" covered="0"/><counter type="COMPLEXITY" missed="170" covered="0"/><counter type="METHOD" missed="51" covered="0"/><counter type="CLASS" missed="3" covered="0"/></package><package name="com/game/com/anish/calabashbros"><class name="com/game/com/anish/calabashbros/World" sourcefilename="World.java"><method name="&lt;init&gt;" desc="()V" line="10"><counter type="INSTRUCTION" missed="47" covered="0"/><counter type="BRANCH" missed="6" covered="0"/><counter type="LINE" missed="8" covered="0"/><counter type="COMPLEXITY" missed="4" covered="0"/><counter type="METHOD" missed="1" covered="0"/></method><method name="get" desc="(II)Lcom/game/com/anish/calabashbros/Thing;" line="25"><counter type="INSTRUCTION" missed="8" covered="0"/><counter type="LINE" missed="1" covered="0"/><counter type="COMPLEXITY" missed="1" covered="0"/><counter type="METHOD" missed="1" covered="0"/></method><method name="put" desc="(Lcom/game/com/anish/calabashbros/Thing;II)V" line="29"><counter type="INSTRUCTION" missed="9" covered="0"/><counter type="LINE" missed="2" covered="0"/><counter type="COMPLEXITY" missed="1" covered="0"/><counter type="METHOD" missed="1" covered="0"/></method><counter type="INSTRUCTION" missed="64" covered="0"/><counter type="BRANCH" missed="6" covered="0"/><counter type="LINE" missed="11" covered="0"/><counter type="COMPLEXITY" missed="6" covered="0"/><counter type="METHOD" missed="3" covered="0"/><counter type="CLASS" missed="1" covered="0"/></class><class name="com/game/com/anish/calabashbros/Sorter" sourcefilename="Sorter.java"/><class name="com/game/com/anish/calabashbros/Creature" sourcefilename="Creature.java"><method name="&lt;init&gt;" desc="(Ljava/awt/Color;CLcom/game/com/anish/calabashbros/World;)V" line="8"><counter type="INSTRUCTION" missed="6" covered="0"/><counter type="LINE" missed="2" covered="0"/><counter type="COMPLEXITY" missed="1" covered="0"/><counter type="METHOD" missed="1" covered="0"/></method><method name="moveTo" desc="(II)V" line="12"><counter type="INSTRUCTION" missed="7" covered="0"/><counter type="LINE" missed="2" covered="0"/><counter type="COMPLEXITY" missed="1" covered="0"/><counter type="METHOD" missed="1" covered="0"/></method><counter type="INSTRUCTION" missed="13" covered="0"/><counter type="LINE" missed="4" covered="0"/><counter type="COMPLEXITY" missed="2" covered="0"/><counter type="METHOD" missed="2" covered="0"/><counter type="CLASS" missed="1" covered="0"/></class><class name="com/game/com/anish/calabashbros/Calabash" sourcefilename="Calabash.java"><method name="&lt;init&gt;" desc="(Lcom/game/com/anish/calabashbros/World;[[I)V" line="12"><counter type="INSTRUCTION" missed="50" covered="0"/><counter type="BRANCH" missed="4" covered="0"/><counter type="LINE" missed="7" covered="0"/><counter type="COMPLEXITY" missed="3" covered="0"/><counter type="METHOD" missed="1" covered="0"/></method><method name="move" desc="(Lcom/game/com/anish/calabashbros/World;I)V" line="21"><counter type="INSTRUCTION" missed="83" covered="0"/><counter type="BRANCH" missed="18" covered="0"/><counter type="LINE" missed="17" covered="0"/><counter type="COMPLEXITY" missed="10" covered="0"/><counter type="METHOD" missed="1" covered="0"/></method><method name="manualmove" desc="(Lcom/game/com/anish/calabashbros/World;I)V" line="41"><counter type="INSTRUCTION" missed="8" covered="0"/><counter type="LINE" missed="3" covered="0"/><counter type="COMPLEXITY" missed="1" covered="0"/><counter type="METHOD" missed="1" covered="0"/></method><method name="automove" desc="(Lcom/game/com/anish/calabashbros/World;)V" line="46"><counter type="INSTRUCTION" missed="37" covered="0"/><counter type="BRANCH" missed="4" covered="0"/><counter type="LINE" missed="9" covered="0"/><counter type="COMPLEXITY" missed="3" covered="0"/><counter type="METHOD" missed="1" covered="0"/></method><counter type="INSTRUCTION" missed="178" covered="0"/><counter type="BRANCH" missed="26" covered="0"/><counter type="LINE" missed="36" covered="0"/><counter type="COMPLEXITY" missed="17" covered="0"/><counter type="METHOD" missed="4" covered="0"/><counter type="CLASS" missed="1" covered="0"/></class><class name="com/game/com/anish/calabashbros/Dfs" sourcefilename="Dfs.java"><method name="&lt;init&gt;" desc="([[I)V" line="13"><counter type="INSTRUCTION" missed="55" covered="0"/><counter type="BRANCH" missed="4" covered="0"/><counter type="LINE" missed="8" covered="0"/><counter type="COMPLEXITY" missed="3" covered="0"/><counter type="METHOD" missed="1" covered="0"/></method><method name="makePlan" desc="()V" line="23"><counter type="INSTRUCTION" missed="309" covered="0"/><counter type="BRANCH" missed="38" covered="0"/><counter type="LINE" missed="41" covered="0"/><counter type="COMPLEXITY" missed="20" covered="0"/><counter type="METHOD" missed="1" covered="0"/></method><method name="set" desc="(II)V" line="68"><counter type="INSTRUCTION" missed="7" covered="0"/><counter type="LINE" missed="3" covered="0"/><counter type="COMPLEXITY" missed="1" covered="0"/><counter type="METHOD" missed="1" covered="0"/></method><method name="clearPlan" desc="()V" line="73"><counter type="INSTRUCTION" missed="4" covered="0"/><counter type="LINE" missed="2" covered="0"/><counter type="COMPLEXITY" missed="1" covered="0"/><counter type="METHOD" missed="1" covered="0"/></method><method name="getPlan" desc="()Ljava/util/ArrayList;" line="77"><counter type="INSTRUCTION" missed="3" covered="0"/><counter type="LINE" missed="1" covered="0"/><counter type="COMPLEXITY" missed="1" covered="0"/><counter type="METHOD" missed="1" covered="0"/></method><counter type="INSTRUCTION" missed="378" covered="0"/><counter type="BRANCH" missed="42" covered="0"/><counter type="LINE" missed="55" covered="0"/><counter type="COMPLEXITY" missed="26" covered="0"/><counter type="METHOD" missed="5" covered="0"/><counter type="CLASS" missed="1" covered="0"/></class><class name="com/game/com/anish/calabashbros/Shallow" sourcefilename="Shallow.java"><method name="&lt;init&gt;" desc="(ILcom/game/com/anish/calabashbros/World;)V" line="8"><counter type="INSTRUCTION" missed="7" covered="0"/><counter type="LINE" missed="2" covered="0"/><counter type="COMPLEXITY" missed="1" covered="0"/><counter type="METHOD" missed="1" covered="0"/></method><counter type="INSTRUCTION" missed="7" covered="0"/><counter type="LINE" missed="2" covered="0"/><counter type="COMPLEXITY" missed="1" covered="0"/><counter type="METHOD" missed="1" covered="0"/><counter type="CLASS" missed="1" covered="0"/></class><class name="com/game/com/anish/calabashbros/Thing" sourcefilename="Thing.java"><method name="getX" desc="()I" line="12"><counter type="INSTRUCTION" missed="4" covered="0"/><counter type="LINE" missed="1" covered="0"/><counter type="COMPLEXITY" missed="1" covered="0"/><counter type="METHOD" missed="1" covered="0"/></method><method name="getY" desc="()I" line="16"><counter type="INSTRUCTION" missed="4" covered="0"/><counter type="LINE" missed="1" covered="0"/><counter type="COMPLEXITY" missed="1" covered="0"/><counter type="METHOD" missed="1" covered="0"/></method><method name="setTile" desc="(Lcom/game/com/anish/calabashbros/Tile;)V" line="20"><counter type="INSTRUCTION" missed="4" covered="0"/><counter type="LINE" missed="2" covered="0"/><counter type="COMPLEXITY" missed="1" covered="0"/><counter type="METHOD" missed="1" covered="0"/></method><method name="&lt;init&gt;" desc="(Ljava/awt/Color;CLcom/game/com/anish/calabashbros/World;)V" line="23"><counter type="INSTRUCTION" missed="12" covered="0"/><counter type="LINE" missed="5" covered="0"/><counter type="COMPLEXITY" missed="1" covered="0"/><counter type="METHOD" missed="1" covered="0"/></method><method name="getColor" desc="()Ljava/awt/Color;" line="32"><counter type="INSTRUCTION" missed="3" covered="0"/><counter type="LINE" missed="1" covered="0"/><counter type="COMPLEXITY" missed="1" covered="0"/><counter type="METHOD" missed="1" covered="0"/></method><method name="getGlyph" desc="()C" line="38"><counter type="INSTRUCTION" missed="3" covered="0"/><counter type="LINE" missed="1" covered="0"/><counter type="COMPLEXITY" missed="1" covered="0"/><counter type="METHOD" missed="1" covered="0"/></method><counter type="INSTRUCTION" missed="30" covered="0"/><counter type="LINE" missed="11" covered="0"/><counter type="COMPLEXITY" missed="6" covered="0"/><counter type="METHOD" missed="6" covered="0"/><counter type="CLASS" missed="1" covered="0"/></class><class name="com/game/com/anish/calabashbros/Wall" sourcefilename="Wall.java"><method name="&lt;init&gt;" desc="(Lcom/game/com/anish/calabashbros/World;)V" line="8"><counter type="INSTRUCTION" missed="6" covered="0"/><counter type="LINE" missed="2" covered="0"/><counter type="COMPLEXITY" missed="1" covered="0"/><counter type="METHOD" missed="1" covered="0"/></method><counter type="INSTRUCTION" missed="6" covered="0"/><counter type="LINE" missed="2" covered="0"/><counter type="COMPLEXITY" missed="1" covered="0"/><counter type="METHOD" missed="1" covered="0"/><counter type="CLASS" missed="1" covered="0"/></class><class name="com/game/com/anish/calabashbros/Floor" sourcefilename="Floor.java"><method name="&lt;init&gt;" desc="(Lcom/game/com/anish/calabashbros/World;)V" line="8"><counter type="INSTRUCTION" missed="6" covered="0"/><counter type="LINE" missed="2" covered="0"/><counter type="COMPLEXITY" missed="1" covered="0"/><counter type="METHOD" missed="1" covered="0"/></method><counter type="INSTRUCTION" missed="6" covered="0"/><counter type="LINE" missed="2" covered="0"/><counter type="COMPLEXITY" missed="1" covered="0"/><counter type="METHOD" missed="1" covered="0"/><counter type="CLASS" missed="1" covered="0"/></class><class name="com/game/com/anish/calabashbros/Tile" sourcefilename="Tile.java"><method name="getThing" desc="()Lcom/game/com/anish/calabashbros/Thing;" line="10"><counter type="INSTRUCTION" missed="3" covered="0"/><counter type="LINE" missed="1" covered="0"/><counter type="COMPLEXITY" missed="1" covered="0"/><counter type="METHOD" missed="1" covered="0"/></method><method name="setThing" desc="(Lcom/game/com/anish/calabashbros/Thing;)V" line="14"><counter type="INSTRUCTION" missed="8" covered="0"/><counter type="LINE" missed="3" covered="0"/><counter type="COMPLEXITY" missed="1" covered="0"/><counter type="METHOD" missed="1" covered="0"/></method><method name="getxPos" desc="()I" line="19"><counter type="INSTRUCTION" missed="3" covered="0"/><counter type="LINE" missed="1" covered="0"/><counter type="COMPLEXITY" missed="1" covered="0"/><counter type="METHOD" missed="1" covered="0"/></method><method name="setxPos" desc="(I)V" line="23"><counter type="INSTRUCTION" missed="4" covered="0"/><counter type="LINE" missed="2" covered="0"/><counter type="COMPLEXITY" missed="1" covered="0"/><counter type="METHOD" missed="1" covered="0"/></method><method name="getyPos" desc="()I" line="27"><counter type="INSTRUCTION" missed="3" covered="0"/><counter type="LINE" missed="1" covered="0"/><counter type="COMPLEXITY" missed="1" covered="0"/><counter type="METHOD" missed="1" covered="0"/></method><method name="setyPos" desc="(I)V" line="31"><counter type="INSTRUCTION" missed="4" covered="0"/><counter type="LINE" missed="2" covered="0"/><counter type="COMPLEXITY" missed="1" covered="0"/><counter type="METHOD" missed="1" covered="0"/></method><method name="&lt;init&gt;" desc="()V" line="34"><counter type="INSTRUCTION" missed="9" covered="0"/><counter type="LINE" missed="4" covered="0"/><counter type="COMPLEXITY" missed="1" covered="0"/><counter type="METHOD" missed="1" covered="0"/></method><method name="&lt;init&gt;" desc="(II)V" line="39"><counter type="INSTRUCTION" missed="9" covered="0"/><counter type="LINE" missed="4" covered="0"/><counter type="COMPLEXITY" missed="1" covered="0"/><counter type="METHOD" missed="1" covered="0"/></method><counter type="INSTRUCTION" missed="43" covered="0"/><counter type="LINE" missed="18" covered="0"/><counter type="COMPLEXITY" missed="8" covered="0"/><counter type="METHOD" missed="8" covered="0"/><counter type="CLASS" missed="1" covered="0"/></class><sourcefile name="Dfs.java"><line nr="13" mi="2" ci="0" mb="0" cb="0"/><line nr="14" mi="9" ci="0" mb="0" cb="0"/><line nr="15" mi="9" ci="0" mb="0" cb="0"/><line nr="16" mi="8" ci="0" mb="2" cb="0"/><line nr="17" mi="10" ci="0" mb="2" cb="0"/><line nr="18" mi="11" ci="0" mb="0" cb="0"/><line nr="19" mi="5" ci="0" mb="0" cb="0"/><line nr="20" mi="1" ci="0" mb="0" cb="0"/><line nr="23" mi="18" ci="0" mb="4" cb="0"/><line nr="24" mi="1" ci="0" mb="0" cb="0"/><line nr="25" mi="9" ci="0" mb="2" cb="0"/><line nr="26" mi="11" ci="0" mb="2" cb="0"/><line nr="27" mi="12" ci="0" mb="0" cb="0"/><line nr="28" mi="4" ci="0" mb="0" cb="0"/><line nr="29" mi="10" ci="0" mb="0" cb="0"/><line nr="30" mi="18" ci="0" mb="2" cb="0"/><line nr="31" mi="4" ci="0" mb="0" cb="0"/><line nr="32" mi="4" ci="0" mb="0" cb="0"/><line nr="33" mi="4" ci="0" mb="0" cb="0"/><line nr="34" mi="2" ci="0" mb="0" cb="0"/><line nr="35" mi="20" ci="0" mb="4" cb="0"/><line nr="36" mi="6" ci="0" mb="0" cb="0"/><line nr="37" mi="3" ci="0" mb="0" cb="0"/><line nr="38" mi="22" ci="0" mb="4" cb="0"/><line nr="39" mi="6" ci="0" mb="0" cb="0"/><line nr="40" mi="3" ci="0" mb="0" cb="0"/><line nr="41" mi="17" ci="0" mb="4" cb="0"/><line nr="42" mi="6" ci="0" mb="0" cb="0"/><line nr="43" mi="3" ci="0" mb="0" cb="0"/><line nr="44" mi="17" ci="0" mb="4" cb="0"/><line nr="45" mi="6" ci="0" mb="0" cb="0"/><line nr="46" mi="2" ci="0" mb="0" cb="0"/><line nr="48" mi="10" ci="0" mb="4" cb="0"/><line nr="49" mi="4" ci="0" mb="0" cb="0"/><line nr="50" mi="4" ci="0" mb="0" cb="0"/><line nr="51" mi="7" ci="0" mb="2" cb="0"/><line nr="52" mi="7" ci="0" mb="0" cb="0"/><line nr="53" mi="7" ci="0" mb="2" cb="0"/><line nr="54" mi="7" ci="0" mb="0" cb="0"/><line nr="55" mi="7" ci="0" mb="2" cb="0"/><line nr="56" mi="7" ci="0" mb="0" cb="0"/><line nr="57" mi="7" ci="0" mb="2" cb="0"/><line nr="58" mi="6" ci="0" mb="0" cb="0"/><line nr="59" mi="1" ci="0" mb="0" cb="0"/><line nr="60" mi="10" ci="0" mb="0" cb="0"/><line nr="61" mi="9" ci="0" mb="0" cb="0"/><line nr="62" mi="6" ci="0" mb="0" cb="0"/><line nr="64" mi="1" ci="0" mb="0" cb="0"/><line nr="65" mi="1" ci="0" mb="0" cb="0"/><line nr="68" mi="3" ci="0" mb="0" cb="0"/><line nr="69" mi="3" ci="0" mb="0" cb="0"/><line nr="70" mi="1" ci="0" mb="0" cb="0"/><line nr="73" mi="3" ci="0" mb="0" cb="0"/><line nr="74" mi="1" ci="0" mb="0" cb="0"/><line nr="77" mi="3" ci="0" mb="0" cb="0"/><counter type="INSTRUCTION" missed="378" covered="0"/><counter type="BRANCH" missed="42" covered="0"/><counter type="LINE" missed="55" covered="0"/><counter type="COMPLEXITY" missed="26" covered="0"/><counter type="METHOD" missed="5" covered="0"/><counter type="CLASS" missed="1" covered="0"/></sourcefile><sourcefile name="Sorter.java"/><sourcefile name="Shallow.java"><line nr="8" mi="6" ci="0" mb="0" cb="0"/><line nr="9" mi="1" ci="0" mb="0" cb="0"/><counter type="INSTRUCTION" missed="7" covered="0"/><counter type="LINE" missed="2" covered="0"/><counter type="COMPLEXITY" missed="1" covered="0"/><counter type="METHOD" missed="1" covered="0"/><counter type="CLASS" missed="1" covered="0"/></sourcefile><sourcefile name="Tile.java"><line nr="10" mi="3" ci="0" mb="0" cb="0"/><line nr="14" mi="3" ci="0" mb="0" cb="0"/><line nr="15" mi="4" ci="0" mb="0" cb="0"/><line nr="16" mi="1" ci="0" mb="0" cb="0"/><line nr="19" mi="3" ci="0" mb="0" cb="0"/><line nr="23" mi="3" ci="0" mb="0" cb="0"/><line nr="24" mi="1" ci="0" mb="0" cb="0"/><line nr="27" mi="3" ci="0" mb="0" cb="0"/><line nr="31" mi="3" ci="0" mb="0" cb="0"/><line nr="32" mi="1" ci="0" mb="0" cb="0"/><line nr="34" mi="2" ci="0" mb="0" cb="0"/><line nr="35" mi="3" ci="0" mb="0" cb="0"/><line nr="36" mi="3" ci="0" mb="0" cb="0"/><line nr="37" mi="1" ci="0" mb="0" cb="0"/><line nr="39" mi="2" ci="0" mb="0" cb="0"/><line nr="40" mi="3" ci="0" mb="0" cb="0"/><line nr="41" mi="3" ci="0" mb="0" cb="0"/><line nr="42" mi="1" ci="0" mb="0" cb="0"/><counter type="INSTRUCTION" missed="43" covered="0"/><counter type="LINE" missed="18" covered="0"/><counter type="COMPLEXITY" missed="8" covered="0"/><counter type="METHOD" missed="8" covered="0"/><counter type="CLASS" missed="1" covered="0"/></sourcefile><sourcefile name="Wall.java"><line nr="8" mi="5" ci="0" mb="0" cb="0"/><line nr="9" mi="1" ci="0" mb="0" cb="0"/><counter type="INSTRUCTION" missed="6" covered="0"/><counter type="LINE" missed="2" covered="0"/><counter type="COMPLEXITY" missed="1" covered="0"/><counter type="METHOD" missed="1" covered="0"/><counter type="CLASS" missed="1" covered="0"/></sourcefile><sourcefile name="Thing.java"><line nr="12" mi="4" ci="0" mb="0" cb="0"/><line nr="16" mi="4" ci="0" mb="0" cb="0"/><line nr="20" mi="3" ci="0" mb="0" cb="0"/><line nr="21" mi="1" ci="0" mb="0" cb="0"/><line nr="23" mi="2" ci="0" mb="0" cb="0"/><line nr="24" mi="3" ci="0" mb="0" cb="0"/><line nr="25" mi="3" ci="0" mb="0" cb="0"/><line nr="26" mi="3" ci="0" mb="0" cb="0"/><line nr="27" mi="1" ci="0" mb="0" cb="0"/><line nr="32" mi="3" ci="0" mb="0" cb="0"/><line nr="38" mi="3" ci="0" mb="0" cb="0"/><counter type="INSTRUCTION" missed="30" covered="0"/><counter type="LINE" missed="11" covered="0"/><counter type="COMPLEXITY" missed="6" covered="0"/><counter type="METHOD" missed="6" covered="0"/><counter type="CLASS" missed="1" covered="0"/></sourcefile><sourcefile name="Floor.java"><line nr="8" mi="5" ci="0" mb="0" cb="0"/><line nr="9" mi="1" ci="0" mb="0" cb="0"/><counter type="INSTRUCTION" missed="6" covered="0"/><counter type="LINE" missed="2" covered="0"/><counter type="COMPLEXITY" missed="1" covered="0"/><counter type="METHOD" missed="1" covered="0"/><counter type="CLASS" missed="1" covered="0"/></sourcefile><sourcefile name="Creature.java"><line nr="8" mi="5" ci="0" mb="0" cb="0"/><line nr="9" mi="1" ci="0" mb="0" cb="0"/><line nr="12" mi="6" ci="0" mb="0" cb="0"/><line nr="13" mi="1" ci="0" mb="0" cb="0"/><counter type="INSTRUCTION" missed="13" covered="0"/><counter type="LINE" missed="4" covered="0"/><counter type="COMPLEXITY" missed="2" covered="0"/><counter type="METHOD" missed="2" covered="0"/><counter type="CLASS" missed="1" covered="0"/></sourcefile><sourcefile name="Calabash.java"><line nr="12" mi="5" ci="0" mb="0" cb="0"/><line nr="13" mi="9" ci="0" mb="0" cb="0"/><line nr="14" mi="8" ci="0" mb="2" cb="0"/><line nr="15" mi="10" ci="0" mb="2" cb="0"/><line nr="16" mi="11" ci="0" mb="0" cb="0"/><line nr="17" mi="6" ci="0" mb="0" cb="0"/><line nr="18" mi="1" ci="0" mb="0" cb="0"/><line nr="21" mi="3" ci="0" mb="0" cb="0"/><line nr="22" mi="3" ci="0" mb="0" cb="0"/><line nr="23" mi="4" ci="0" mb="0" cb="0"/><line nr="24" mi="3" ci="0" mb="2" cb="0"/><line nr="25" mi="3" ci="0" mb="0" cb="0"/><line nr="26" mi="3" ci="0" mb="2" cb="0"/><line nr="27" mi="3" ci="0" mb="0" cb="0"/><line nr="28" mi="3" ci="0" mb="2" cb="0"/><line nr="29" mi="3" ci="0" mb="0" cb="0"/><line nr="30" mi="3" ci="0" mb="2" cb="0"/><line nr="31" mi="2" ci="0" mb="0" cb="0"/><line nr="32" mi="4" ci="0" mb="0" cb="0"/><line nr="33" mi="4" ci="0" mb="0" cb="0"/><line nr="34" mi="24" ci="0" mb="10" cb="0"/><line nr="35" mi="8" ci="0" mb="0" cb="0"/><line nr="36" mi="9" ci="0" mb="0" cb="0"/><line nr="38" mi="1" ci="0" mb="0" cb="0"/><line nr="41" mi="3" ci="0" mb="0" cb="0"/><line nr="42" mi="4" ci="0" mb="0" cb="0"/><line nr="43" mi="1" ci="0" mb="0" cb="0"/><line nr="46" mi="4" ci="0" mb="0" cb="0"/><line nr="47" mi="3" ci="0" mb="2" cb="0"/><line nr="48" mi="7" ci="0" mb="0" cb="0"/><line nr="49" mi="3" ci="0" mb="0" cb="0"/><line nr="50" mi="4" ci="0" mb="0" cb="0"/><line nr="52" mi="3" ci="0" mb="2" cb="0"/><line nr="53" mi="8" ci="0" mb="0" cb="0"/><line nr="54" mi="4" ci="0" mb="0" cb="0"/><line nr="56" mi="1" ci="0" mb="0" cb="0"/><counter type="INSTRUCTION" missed="178" covered="0"/><counter type="BRANCH" missed="26" covered="0"/><counter type="LINE" missed="36" covered="0"/><counter type="COMPLEXITY" missed="17" covered="0"/><counter type="METHOD" missed="4" covered="0"/><counter type="CLASS" missed="1" covered="0"/></sourcefile><sourcefile name="World.java"><line nr="10" mi="2" ci="0" mb="0" cb="0"/><line nr="12" mi="3" ci="0" mb="2" cb="0"/><line nr="13" mi="5" ci="0" mb="0" cb="0"/><line nr="16" mi="7" ci="0" mb="2" cb="0"/><line nr="17" mi="7" ci="0" mb="2" cb="0"/><line nr="18" mi="11" ci="0" mb="0" cb="0"/><line nr="19" mi="11" ci="0" mb="0" cb="0"/><line nr="22" mi="1" ci="0" mb="0" cb="0"/><line nr="25" mi="8" ci="0" mb="0" cb="0"/><line nr="29" mi="8" ci="0" mb="0" cb="0"/><line nr="30" mi="1" ci="0" mb="0" cb="0"/><counter type="INSTRUCTION" missed="64" covered="0"/><counter type="BRANCH" missed="6" covered="0"/><counter type="LINE" missed="11" covered="0"/><counter type="COMPLEXITY" missed="6" covered="0"/><counter type="METHOD" missed="3" covered="0"/><counter type="CLASS" missed="1" covered="0"/></sourcefile><counter type="INSTRUCTION" missed="725" covered="0"/><counter type="BRANCH" missed="74" covered="0"/><counter type="LINE" missed="141" covered="0"/><counter type="COMPLEXITY" missed="68" covered="0"/><counter type="METHOD" missed="31" covered="0"/><counter type="CLASS" missed="9" covered="0"/></package><package name="com/game/com/anish/screen"><class name="com/game/com/anish/screen/Screen" sourcefilename="Screen.java"/><class name="com/game/com/anish/screen/WorldScreen" sourcefilename="WorldScreen.java"><method name="&lt;init&gt;" desc="()V" line="22"><counter type="INSTRUCTION" missed="86" covered="0"/><counter type="BRANCH" missed="6" covered="0"/><counter type="LINE" missed="18" covered="0"/><counter type="COMPLEXITY" missed="4" covered="0"/><counter type="METHOD" missed="1" covered="0"/></method><method name="displayOutput" desc="(Lcom/game/asciiPanel/AsciiPanel;)V" line="88"><counter type="INSTRUCTION" missed="32" covered="0"/><counter type="BRANCH" missed="4" covered="0"/><counter type="LINE" missed="4" covered="0"/><counter type="COMPLEXITY" missed="3" covered="0"/><counter type="METHOD" missed="1" covered="0"/></method><method name="respondToUserInput" desc="(Ljava/awt/event/KeyEvent;)Lcom/game/com/anish/screen/Screen;" line="102"><counter type="INSTRUCTION" missed="38" covered="0"/><counter type="BRANCH" missed="6" covered="0"/><counter type="LINE" missed="11" covered="0"/><counter type="COMPLEXITY" missed="6" covered="0"/><counter type="METHOD" missed="1" covered="0"/></method><counter type="INSTRUCTION" missed="156" covered="0"/><counter type="BRANCH" missed="16" covered="0"/><counter type="LINE" missed="33" covered="0"/><counter type="COMPLEXITY" missed="13" covered="0"/><counter type="METHOD" missed="3" covered="0"/><counter type="CLASS" missed="1" covered="0"/></class><sourcefile name="Screen.java"/><sourcefile name="WorldScreen.java"><line nr="22" mi="2" ci="0" mb="0" cb="0"/><line nr="23" mi="2" ci="0" mb="0" cb="0"/><line nr="24" mi="5" ci="0" mb="0" cb="0"/><line nr="25" mi="5" ci="0" mb="0" cb="0"/><line nr="26" mi="2" ci="0" mb="0" cb="0"/><line nr="27" mi="4" ci="0" mb="0" cb="0"/><line nr="29" mi="9" ci="0" mb="0" cb="0"/><line nr="39" mi="7" ci="0" mb="2" cb="0"/><line nr="40" mi="7" ci="0" mb="2" cb="0"/><line nr="41" mi="7" ci="0" mb="2" cb="0"/><line nr="42" mi="6" ci="0" mb="0" cb="0"/><line nr="43" mi="6" ci="0" mb="0" cb="0"/><line nr="44" mi="1" ci="0" mb="0" cb="0"/><line nr="45" mi="6" ci="0" mb="0" cb="0"/><line nr="46" mi="6" ci="0" mb="0" cb="0"/><line nr="50" mi="7" ci="0" mb="0" cb="0"/><line nr="64" mi="1" ci="0" mb="0" cb="0"/><line nr="88" mi="7" ci="0" mb="2" cb="0"/><line nr="89" mi="7" ci="0" mb="2" cb="0"/><line nr="91" mi="17" ci="0" mb="0" cb="0"/><line nr="95" mi="1" ci="0" mb="0" cb="0"/><line nr="97" mi="3" ci="0" mb="0" cb="0"/><line nr="102" mi="3" ci="0" mb="6" cb="0"/><line nr="104" mi="6" ci="0" mb="0" cb="0"/><line nr="105" mi="1" ci="0" mb="0" cb="0"/><line nr="107" mi="6" ci="0" mb="0" cb="0"/><line nr="108" mi="1" ci="0" mb="0" cb="0"/><line nr="110" mi="6" ci="0" mb="0" cb="0"/><line nr="111" mi="1" ci="0" mb="0" cb="0"/><line nr="113" mi="6" ci="0" mb="0" cb="0"/><line nr="114" mi="1" ci="0" mb="0" cb="0"/><line nr="116" mi="5" ci="0" mb="0" cb="0"/><line nr="119" mi="2" ci="0" mb="0" cb="0"/><counter type="INSTRUCTION" missed="156" covered="0"/><counter type="BRANCH" missed="16" covered="0"/><counter type="LINE" missed="33" covered="0"/><counter type="COMPLEXITY" missed="13" covered="0"/><counter type="METHOD" missed="3" covered="0"/><counter type="CLASS" missed="1" covered="0"/></sourcefile><counter type="INSTRUCTION" missed="156" covered="0"/><counter type="BRANCH" missed="16" covered="0"/><counter type="LINE" missed="33" covered="0"/><counter type="COMPLEXITY" missed="13" covered="0"/><counter type="METHOD" missed="3" covered="0"/><counter type="CLASS" missed="1" covered="0"/></package><package name="com/game/com/anish/maze"><class name="com/game/com/anish/maze/MazeGenerator" sourcefilename="MazeGenerator.java"><method name="&lt;init&gt;" desc="(I)V" line="10"><counter type="INSTRUCTION" missed="21" covered="0"/><counter type="LINE" missed="6" covered="0"/><counter type="COMPLEXITY" missed="1" covered="0"/><counter type="METHOD" missed="1" covered="0"/></method><method name="generateMaze" desc="()V" line="21"><counter type="INSTRUCTION" missed="76" covered="0"/><counter type="BRANCH" missed="10" covered="0"/><counter type="LINE" missed="13" covered="0"/><counter type="COMPLEXITY" missed="6" covered="0"/><counter type="METHOD" missed="1" covered="0"/></method><method name="getMaze" desc="()[[I" line="40"><counter type="INSTRUCTION" missed="3" covered="0"/><counter type="LINE" missed="1" covered="0"/><counter type="COMPLEXITY" missed="1" covered="0"/><counter type="METHOD" missed="1" covered="0"/></method><method name="validNextNode" desc="(Lcom/game/com/anish/maze/Node;)Z" line="64"><counter type="INSTRUCTION" missed="67" covered="0"/><counter type="BRANCH" missed="14" covered="0"/><counter type="LINE" missed="6" covered="0"/><counter type="COMPLEXITY" missed="8" covered="0"/><counter type="METHOD" missed="1" covered="0"/></method><method name="randomlyAddNodesToStack" desc="(Ljava/util/ArrayList;)V" line="77"><counter type="INSTRUCTION" missed="18" covered="0"/><counter type="BRANCH" missed="2" covered="0"/><counter type="LINE" missed="4" covered="0"/><counter type="COMPLEXITY" missed="2" covered="0"/><counter type="METHOD" missed="1" covered="0"/></method><method name="findNeighbors" desc="(Lcom/game/com/anish/maze/Node;)Ljava/util/ArrayList;" line="84"><counter type="INSTRUCTION" missed="60" covered="0"/><counter type="BRANCH" missed="10" covered="0"/><counter type="LINE" missed="6" covered="0"/><counter type="COMPLEXITY" missed="6" covered="0"/><counter type="METHOD" missed="1" covered="0"/></method><method name="pointOnGrid" desc="(II)Ljava/lang/Boolean;" line="96"><counter type="INSTRUCTION" missed="17" covered="0"/><counter type="BRANCH" missed="8" covered="0"/><counter type="LINE" missed="1" covered="0"/><counter type="COMPLEXITY" missed="5" covered="0"/><counter type="METHOD" missed="1" covered="0"/></method><method name="pointNotCorner" desc="(Lcom/game/com/anish/maze/Node;II)Ljava/lang/Boolean;" line="100"><counter type="INSTRUCTION" missed="13" covered="0"/><counter type="BRANCH" missed="4" covered="0"/><counter type="LINE" missed="1" covered="0"/><counter type="COMPLEXITY" missed="3" covered="0"/><counter type="METHOD" missed="1" covered="0"/></method><method name="pointNotNode" desc="(Lcom/game/com/anish/maze/Node;II)Ljava/lang/Boolean;" line="104"><counter type="INSTRUCTION" missed="13" covered="0"/><counter type="BRANCH" missed="4" covered="0"/><counter type="LINE" missed="1" covered="0"/><counter type="COMPLEXITY" missed="3" covered="0"/><counter type="METHOD" missed="1" covered="0"/></method><counter type="INSTRUCTION" missed="288" covered="0"/><counter type="BRANCH" missed="52" covered="0"/><counter type="LINE" missed="39" covered="0"/><counter type="COMPLEXITY" missed="35" covered="0"/><counter type="METHOD" missed="9" covered="0"/><counter type="CLASS" missed="1" covered="0"/></class><class name="com/game/com/anish/maze/Node" sourcefilename="Node.java"><method name="&lt;init&gt;" desc="(II)V" line="7"><counter type="INSTRUCTION" missed="9" covered="0"/><counter type="LINE" missed="4" covered="0"/><counter type="COMPLEXITY" missed="1" covered="0"/><counter type="METHOD" missed="1" covered="0"/></method><counter type="INSTRUCTION" missed="9" covered="0"/><counter type="LINE" missed="4" covered="0"/><counter type="COMPLEXITY" missed="1" covered="0"/><counter type="METHOD" missed="1" covered="0"/><counter type="CLASS" missed="1" covered="0"/></class><sourcefile name="Node.java"><line nr="7" mi="2" ci="0" mb="0" cb="0"/><line nr="8" mi="3" ci="0" mb="0" cb="0"/><line nr="9" mi="3" ci="0" mb="0" cb="0"/><line nr="10" mi="1" ci="0" mb="0" cb="0"/><counter type="INSTRUCTION" missed="9" covered="0"/><counter type="LINE" missed="4" covered="0"/><counter type="COMPLEXITY" missed="1" covered="0"/><counter type="METHOD" missed="1" covered="0"/><counter type="CLASS" missed="1" covered="0"/></sourcefile><sourcefile name="MazeGenerator.java"><line nr="10" mi="5" ci="0" mb="0" cb="0"/><line nr="11" mi="5" ci="0" mb="0" cb="0"/><line nr="15" mi="2" ci="0" mb="0" cb="0"/><line nr="16" mi="5" ci="0" mb="0" cb="0"/><line nr="17" mi="3" ci="0" mb="0" cb="0"/><line nr="18" mi="1" ci="0" mb="0" cb="0"/><line nr="21" mi="7" ci="0" mb="2" cb="0"/><line nr="22" mi="8" ci="0" mb="2" cb="0"/><line nr="23" mi="8" ci="0" mb="2" cb="0"/><line nr="24" mi="7" ci="0" mb="0" cb="0"/><line nr="27" mi="15" ci="0" mb="0" cb="0"/><line nr="28" mi="4" ci="0" mb="2" cb="0"/><line nr="29" mi="5" ci="0" mb="0" cb="0"/><line nr="30" mi="4" ci="0" mb="2" cb="0"/><line nr="31" mi="9" ci="0" mb="0" cb="0"/><line nr="32" mi="4" ci="0" mb="0" cb="0"/><line nr="33" mi="3" ci="0" mb="0" cb="0"/><line nr="35" mi="1" ci="0" mb="0" cb="0"/><line nr="37" mi="1" ci="0" mb="0" cb="0"/><line nr="40" mi="3" ci="0" mb="0" cb="0"/><line nr="64" mi="2" ci="0" mb="0" cb="0"/><line nr="65" mi="13" ci="0" mb="2" cb="0"/><line nr="66" mi="13" ci="0" mb="2" cb="0"/><line nr="67" mi="21" ci="0" mb="6" cb="0"/><line nr="68" mi="1" ci="0" mb="0" cb="0"/><line nr="72" mi="17" ci="0" mb="4" cb="0"/><line nr="77" mi="3" ci="0" mb="2" cb="0"/><line nr="78" mi="6" ci="0" mb="0" cb="0"/><line nr="79" mi="8" ci="0" mb="0" cb="0"/><line nr="81" mi="1" ci="0" mb="0" cb="0"/><line nr="84" mi="4" ci="0" mb="0" cb="0"/><line nr="85" mi="13" ci="0" mb="2" cb="0"/><line nr="86" mi="13" ci="0" mb="2" cb="0"/><line nr="87" mi="20" ci="0" mb="6" cb="0"/><line nr="88" mi="8" ci="0" mb="0" cb="0"/><line nr="92" mi="2" ci="0" mb="0" cb="0"/><line nr="96" mi="17" ci="0" mb="8" cb="0"/><line nr="100" mi="13" ci="0" mb="4" cb="0"/><line nr="104" mi="13" ci="0" mb="4" cb="0"/><counter type="INSTRUCTION" missed="288" covered="0"/><counter type="BRANCH" missed="52" covered="0"/><counter type="LINE" missed="39" covered="0"/><counter type="COMPLEXITY" missed="35" covered="0"/><counter type="METHOD" missed="9" covered="0"/><counter type="CLASS" missed="1" covered="0"/></sourcefile><counter type="INSTRUCTION" missed="297" covered="0"/><counter type="BRANCH" missed="52" covered="0"/><counter type="LINE" missed="43" covered="0"/><counter type="COMPLEXITY" missed="36" covered="0"/><counter type="METHOD" missed="10" covered="0"/><counter type="CLASS" missed="2" covered="0"/></package><package name="com/game"><class name="com/game/Main" sourcefilename="Main.java"><method name="&lt;init&gt;" desc="()V" line="30"><counter type="INSTRUCTION" missed="28" covered="0"/><counter type="LINE" missed="8" covered="0"/><counter type="COMPLEXITY" missed="1" covered="0"/><counter type="METHOD" missed="1" covered="0"/></method><method name="repaint" desc="()V" line="42"><counter type="INSTRUCTION" missed="12" covered="0"/><counter type="LINE" missed="4" covered="0"/><counter type="COMPLEXITY" missed="1" covered="0"/><counter type="METHOD" missed="1" covered="0"/></method><method name="keyTyped" desc="(Ljava/awt/event/KeyEvent;)V" line="50"><counter type="INSTRUCTION" missed="1" covered="0"/><counter type="LINE" missed="1" covered="0"/><counter type="COMPLEXITY" missed="1" covered="0"/><counter type="METHOD" missed="1" covered="0"/></method><method name="keyPressed" desc="(Ljava/awt/event/KeyEvent;)V" line="54"><counter type="INSTRUCTION" missed="9" covered="0"/><counter type="LINE" missed="3" covered="0"/><counter type="COMPLEXITY" missed="1" covered="0"/><counter type="METHOD" missed="1" covered="0"/></method><method name="keyReleased" desc="(Ljava/awt/event/KeyEvent;)V" line="61"><counter type="INSTRUCTION" missed="1" covered="0"/><counter type="LINE" missed="1" covered="0"/><counter type="COMPLEXITY" missed="1" covered="0"/><counter type="METHOD" missed="1" covered="0"/></method><method name="main" desc="([Ljava/lang/String;)V" line="64"><counter type="INSTRUCTION" missed="11" covered="0"/><counter type="LINE" missed="4" covered="0"/><counter type="COMPLEXITY" missed="1" covered="0"/><counter type="METHOD" missed="1" covered="0"/></method><counter type="INSTRUCTION" missed="62" covered="0"/><counter type="LINE" missed="21" covered="0"/><counter type="COMPLEXITY" missed="6" covered="0"/><counter type="METHOD" missed="6" covered="0"/><counter type="CLASS" missed="1" covered="0"/></class><sourcefile name="Main.java"><line nr="30" mi="2" ci="0" mb="0" cb="0"/><line nr="31" mi="8" ci="0" mb="0" cb="0"/><line nr="32" mi="5" ci="0" mb="0" cb="0"/><line nr="33" mi="2" ci="0" mb="0" cb="0"/><line nr="34" mi="5" ci="0" mb="0" cb="0"/><line nr="35" mi="3" ci="0" mb="0" cb="0"/><line nr="36" mi="2" ci="0" mb="0" cb="0"/><line nr="38" mi="1" ci="0" mb="0" cb="0"/><line nr="42" mi="4" ci="0" mb="0" cb="0"/><line nr="43" mi="5" ci="0" mb="0" cb="0"/><line nr="44" mi="2" ci="0" mb="0" cb="0"/><line nr="45" mi="1" ci="0" mb="0" cb="0"/><line nr="50" mi="1" ci="0" mb="0" cb="0"/><line nr="54" mi="6" ci="0" mb="0" cb="0"/><line nr="55" mi="2" ci="0" mb="0" cb="0"/><line nr="56" mi="1" ci="0" mb="0" cb="0"/><line nr="61" mi="1" ci="0" mb="0" cb="0"/><line nr="64" mi="4" ci="0" mb="0" cb="0"/><line nr="65" mi="3" ci="0" mb="0" cb="0"/><line nr="66" mi="3" ci="0" mb="0" cb="0"/><line nr="67" mi="1" ci="0" mb="0" cb="0"/><counter type="INSTRUCTION" missed="62" covered="0"/><counter type="LINE" missed="21" covered="0"/><counter type="COMPLEXITY" missed="6" covered="0"/><counter type="METHOD" missed="6" covered="0"/><counter type="CLASS" missed="1" covered="0"/></sourcefile><counter type="INSTRUCTION" missed="62" covered="0"/><counter type="LINE" missed="21" covered="0"/><counter type="COMPLEXITY" missed="6" covered="0"/><counter type="METHOD" missed="6" covered="0"/><counter type="CLASS" missed="1" covered="0"/></package><counter type="INSTRUCTION" missed="3787" covered="0"/><counter type="BRANCH" missed="380" covered="0"/><counter type="LINE" missed="575" covered="0"/><counter type="COMPLEXITY" missed="293" covered="0"/><counter type="METHOD" missed="101" covered="0"/><counter type="CLASS" missed="16" covered="0"/></report>